<?xml version="1.0" encoding="UTF-8"?>
<!-- Generated by org.testng.reporters.JUnitReportReporter -->
<testsuite hostname="DESKTOP-BP0PLMU" failures="0" tests="1" name="practice3.KeyBoardStrockHandle" time="8.120" errors="0" timestamp="2023-06-02T15:38:30 IST" skipped="0">
  <testcase classname="practice3.KeyBoardStrockHandle" name="loingToActitime" time="8.120"/>
  <system-out/>
</testsuite> <!-- practice3.KeyBoardStrockHandle -->
