<?xml version="1.0" encoding="UTF-8"?>
<!-- Generated by org.testng.reporters.JUnitReportReporter -->
<testsuite hostname="DESKTOP-BP0PLMU" failures="0" tests="1" name="practice3.FramePopup" time="8.579" errors="0" timestamp="2023-06-02T15:38:53 IST" skipped="0">
  <testcase classname="practice3.FramePopup" name="framehandling" time="8.579"/>
  <system-out/>
</testsuite> <!-- practice3.FramePopup -->
